[{'dep_offset': 0,
  'name': 'MAIN_TAREADOR',
  'parent_ending_section': None,
  'parent_starting_section': None,
  'potential_children_tasks': [2,
                               4,
                               6,
                               8,
                               10,
                               12,
                               14,
                               16,
                               18,
                               20,
                               22,
                               24,
                               26,
                               28,
                               30,
                               32,
                               34,
                               36,
                               38,
                               40,
                               42,
                               44],
  'starting_section': 1,
  'task_id': 0,
  'task_sections_cnt': 22,
  'usage_offset': 0},
 {'dep_offset': 5257,
  'name': 'function[main.cpp.11]',
  'parent_ending_section': 45,
  'parent_starting_section': 1,
  'potential_children_tasks': [],
  'starting_section': 2,
  'task_id': 1,
  'task_sections_cnt': 1,
  'usage_offset': 2258},
 {'dep_offset': 5685,
  'name': 'function[main.cpp.11]',
  'parent_ending_section': 45,
  'parent_starting_section': 1,
  'potential_children_tasks': [],
  'starting_section': 4,
  'task_id': 2,
  'task_sections_cnt': 1,
  'usage_offset': 2618},
 {'dep_offset': 6164,
  'name': 'function[main.cpp.11]',
  'parent_ending_section': 45,
  'parent_starting_section': 1,
  'potential_children_tasks': [],
  'starting_section': 6,
  'task_id': 3,
  'task_sections_cnt': 1,
  'usage_offset': 2978},
 {'dep_offset': 6644,
  'name': 'function[main.cpp.11]',
  'parent_ending_section': 45,
  'parent_starting_section': 1,
  'potential_children_tasks': [],
  'starting_section': 8,
  'task_id': 4,
  'task_sections_cnt': 1,
  'usage_offset': 3344},
 {'dep_offset': 7125,
  'name': 'function[main.cpp.11]',
  'parent_ending_section': 45,
  'parent_starting_section': 1,
  'potential_children_tasks': [],
  'starting_section': 10,
  'task_id': 5,
  'task_sections_cnt': 1,
  'usage_offset': 3712},
 {'dep_offset': 7606,
  'name': 'function[main.cpp.11]',
  'parent_ending_section': 45,
  'parent_starting_section': 1,
  'potential_children_tasks': [],
  'starting_section': 12,
  'task_id': 6,
  'task_sections_cnt': 1,
  'usage_offset': 4084},
 {'dep_offset': 8087,
  'name': 'function[main.cpp.11]',
  'parent_ending_section': 45,
  'parent_starting_section': 1,
  'potential_children_tasks': [],
  'starting_section': 14,
  'task_id': 7,
  'task_sections_cnt': 1,
  'usage_offset': 4456},
 {'dep_offset': 8568,
  'name': 'function[main.cpp.11]',
  'parent_ending_section': 45,
  'parent_starting_section': 1,
  'potential_children_tasks': [],
  'starting_section': 16,
  'task_id': 8,
  'task_sections_cnt': 1,
  'usage_offset': 4828},
 {'dep_offset': 9049,
  'name': 'function[main.cpp.11]',
  'parent_ending_section': 45,
  'parent_starting_section': 1,
  'potential_children_tasks': [],
  'starting_section': 18,
  'task_id': 9,
  'task_sections_cnt': 1,
  'usage_offset': 5200},
 {'dep_offset': 9531,
  'name': 'function[main.cpp.11]',
  'parent_ending_section': 45,
  'parent_starting_section': 1,
  'potential_children_tasks': [],
  'starting_section': 20,
  'task_id': 10,
  'task_sections_cnt': 1,
  'usage_offset': 5572},
 {'dep_offset': 9957,
  'name': 'wait',
  'parent_ending_section': 45,
  'parent_starting_section': 1,
  'potential_children_tasks': [],
  'starting_section': 22,
  'task_id': 11,
  'task_sections_cnt': 1,
  'usage_offset': 5946},
 {'dep_offset': 11223,
  'name': 'function[main.cpp.14]',
  'parent_ending_section': 45,
  'parent_starting_section': 1,
  'potential_children_tasks': [],
  'starting_section': 24,
  'task_id': 12,
  'task_sections_cnt': 1,
  'usage_offset': 6685},
 {'dep_offset': 11627,
  'name': 'function[main.cpp.14]',
  'parent_ending_section': 45,
  'parent_starting_section': 1,
  'potential_children_tasks': [],
  'starting_section': 26,
  'task_id': 13,
  'task_sections_cnt': 1,
  'usage_offset': 7065},
 {'dep_offset': 12085,
  'name': 'function[main.cpp.14]',
  'parent_ending_section': 45,
  'parent_starting_section': 1,
  'potential_children_tasks': [],
  'starting_section': 28,
  'task_id': 14,
  'task_sections_cnt': 1,
  'usage_offset': 7445},
 {'dep_offset': 12543,
  'name': 'function[main.cpp.14]',
  'parent_ending_section': 45,
  'parent_starting_section': 1,
  'potential_children_tasks': [],
  'starting_section': 30,
  'task_id': 15,
  'task_sections_cnt': 1,
  'usage_offset': 7825},
 {'dep_offset': 13001,
  'name': 'function[main.cpp.14]',
  'parent_ending_section': 45,
  'parent_starting_section': 1,
  'potential_children_tasks': [],
  'starting_section': 32,
  'task_id': 16,
  'task_sections_cnt': 1,
  'usage_offset': 8205},
 {'dep_offset': 13459,
  'name': 'function[main.cpp.14]',
  'parent_ending_section': 45,
  'parent_starting_section': 1,
  'potential_children_tasks': [],
  'starting_section': 34,
  'task_id': 17,
  'task_sections_cnt': 1,
  'usage_offset': 8585},
 {'dep_offset': 13917,
  'name': 'function[main.cpp.14]',
  'parent_ending_section': 45,
  'parent_starting_section': 1,
  'potential_children_tasks': [],
  'starting_section': 36,
  'task_id': 18,
  'task_sections_cnt': 1,
  'usage_offset': 8965},
 {'dep_offset': 14375,
  'name': 'function[main.cpp.14]',
  'parent_ending_section': 45,
  'parent_starting_section': 1,
  'potential_children_tasks': [],
  'starting_section': 38,
  'task_id': 19,
  'task_sections_cnt': 1,
  'usage_offset': 9345},
 {'dep_offset': 14833,
  'name': 'function[main.cpp.14]',
  'parent_ending_section': 45,
  'parent_starting_section': 1,
  'potential_children_tasks': [],
  'starting_section': 40,
  'task_id': 20,
  'task_sections_cnt': 1,
  'usage_offset': 9725},
 {'dep_offset': 15291,
  'name': 'function[main.cpp.14]',
  'parent_ending_section': 45,
  'parent_starting_section': 1,
  'potential_children_tasks': [],
  'starting_section': 42,
  'task_id': 21,
  'task_sections_cnt': 1,
  'usage_offset': 10105},
 {'dep_offset': 15681,
  'name': 'wait',
  'parent_ending_section': 45,
  'parent_starting_section': 1,
  'potential_children_tasks': [],
  'starting_section': 44,
  'task_id': 22,
  'task_sections_cnt': 1,
  'usage_offset': 10485}]
